commit b9e0b960ca19421f7f1bc39a7642f0af9c98b664
Author: Diana Ruth <dianaruth40@gmail.com>
Date:   Thu Apr 7 22:16:11 2016 -0500

    Transferring API Description file from Apiary.io

commit 6fa2aac01f1f337c1621ae15557689e07c28cc7e
Author: Diana Ruth <dianaruth40@gmail.com>
Date:   Thu Apr 7 22:10:52 2016 -0500

    Transferring API Description file from Apiary.io

commit 521a13ab3360c80cf4db983d2355b72b999a4c45
Author: Diana Ruth <dianaruth40@gmail.com>
Date:   Thu Apr 7 21:19:41 2016 -0500

    updated apiary file

commit 0b22ad713370223aa5e31ea0cddc12411d7677b3
Author: Diana Ruth <dianaruth40@gmail.com>
Date:   Thu Apr 7 21:16:39 2016 -0500

    updated data for about page

commit abea8e8f296d57ada01fff2a64a9bb4ee59b1969
Author: Clint Ascencio <clint.ascencio@datastax.com>
Date:   Thu Apr 7 21:09:48 2016 -0500

    renamed tests_web

commit 23a00f18f0f6571b2f84d1a22802bf686a1c0a52
Author: Clint Ascencio <clint.ascencio@datastax.com>
Date:   Thu Apr 7 21:08:07 2016 -0500

    Added test_web

commit 1e06727c3cc1d4fd9f887b4953cc9757e570e17e
Author: Diana Ruth <dianaruth40@gmail.com>
Date:   Thu Apr 7 21:02:36 2016 -0500

    added uml

commit c397fa214f63b03faa5d03240932da65277cae28
Merge: 331fd6d 8988c99
Author: Diana Ruth <dianaruth40@gmail.com>
Date:   Thu Apr 7 21:01:28 2016 -0500

    removed old uml

commit 8988c99f1f15c2eac7dc85178b08a406e85dd703
Author: Diana Ruth <dianaruth40@gmail.com>
Date:   Thu Apr 7 21:00:41 2016 -0500

    changed name of uml diagram

commit 6627bc75a9da8441fe3741a0da46ff3adc2c76dc
Author: Diana Ruth <dianaruth40@gmail.com>
Date:   Thu Apr 7 21:00:06 2016 -0500

    updated uml

commit 331fd6d11c8f1743eddd9fda21c1ed09f1f825e4
Merge: 8c02685 b43b960
Author: Diana Ruth <dianaruth40@gmail.com>
Date:   Thu Apr 7 20:55:40 2016 -0500

    merging

commit b43b960963dafddfe46f35bd8a3b19f7c8feb7a9
Author: Diana Ruth <dianaruth40@gmail.com>
Date:   Thu Apr 7 20:51:31 2016 -0500

    added log and pydoc file

commit 9ab42b31b7bd1e944afc6b3b970e92c8802f8728
Author: Diana Ruth <dianaruth40@gmail.com>
Date:   Thu Apr 7 20:50:10 2016 -0500

    updated comments in app.py

commit 8b73ab66f2f19cc6ff4cbf337b7b4c1af064290d
Author: Clint Ascencio <clint.ascencio@datastax.com>
Date:   Thu Apr 7 20:46:32 2016 -0500

    changed html makefile

commit 838f0ad037c8e353a910b9ccd395bf3f0d3423b8
Author: Clint Ascencio <clint.ascencio@datastax.com>
Date:   Thu Apr 7 20:42:33 2016 -0500

    Changed html path in makefile

commit 4259bd31790803b695baf7444ad01719c635254c
Author: Clint Ascencio <clint.ascencio@datastax.com>
Date:   Thu Apr 7 20:39:04 2016 -0500

    Changed make check command

commit 7e7adb187530cdb7a0e3ea4d510dde941648d0cb
Author: Clint Ascencio <clint.ascencio@datastax.com>
Date:   Thu Apr 7 20:36:15 2016 -0500

    Change make test command

commit 7a190815cb0fee777e73b7caf6d4eba41753cae8
Merge: cf3fd97 785df7a
Author: Clint Ascencio <clint.ascencio@datastax.com>
Date:   Thu Apr 7 20:31:21 2016 -0500

    Merge branch 'dev' of https://github.com/dianaruth/cs373-idb into dev

commit cf3fd97d953dc645dce9c66909b6afa2632ffd65
Author: Clint Ascencio <clint.ascencio@datastax.com>
Date:   Thu Apr 7 20:31:11 2016 -0500

    added pip flask-testing in travis yml

commit 785df7abe4dce7bf000e3350001ab1ba467f17e2
Author: Diana Ruth <dianaruth40@gmail.com>
Date:   Thu Apr 7 20:30:48 2016 -0500

    apiary file updated

commit 14d5130515052819411f8272fc487d9c38c32549
Author: Clint Ascencio <clint.ascencio@datastax.com>
Date:   Thu Apr 7 20:28:49 2016 -0500

    Fixing test path in makefile

commit b2d5cb5e8375d20a244c8c42f28e1beede65e950
Author: Clint Ascencio <clint.ascencio@datastax.com>
Date:   Thu Apr 7 20:26:47 2016 -0500

    fixing test path error in travy

commit 3984a3d7a9480ac901407ad90c938d02075d8ae7
Author: Clint Ascencio <clint.ascencio@datastax.com>
Date:   Thu Apr 7 20:24:02 2016 -0500

    fixed test path in makefile

commit bf24ae81f43b5f4803d560c1ee1c783cfca8cea5
Author: Clint Ascencio <clint.ascencio@datastax.com>
Date:   Thu Apr 7 20:22:11 2016 -0500

    uncommented make test in travis

commit 00e7c69533b2909a264d5563f0da5c954c0d3499
Author: Clint Ascencio <clint.ascencio@datastax.com>
Date:   Thu Apr 7 20:20:15 2016 -0500

    Changed log output and models.html path

commit 853b068669aee76172a0c2d8b28c1a5b38173702
Author: Clint Ascencio <clint.ascencio@datastax.com>
Date:   Thu Apr 7 20:17:11 2016 -0500

    fixed yml setup error

commit 28bcbf242bec06017eaff107cffc90f03a0658de
Author: Clint Ascencio <clint.ascencio@datastax.com>
Date:   Thu Apr 7 20:15:55 2016 -0500

    Travis changes before uncommenting make test

commit 9b3d503e757871c1810067c219e0e7c848551fcb
Merge: 7545d1f b86af58
Author: Clint Ascencio <clint.ascencio@datastax.com>
Date:   Thu Apr 7 20:11:40 2016 -0500

    Merge branch 'dev' of https://github.com/dianaruth/cs373-idb into dev

commit 7545d1f53f3c882226f87f3dede6fe26b433305e
Author: Clint Ascencio <clint.ascencio@datastax.com>
Date:   Thu Apr 7 20:11:11 2016 -0500

    Changed tests

commit b86af58613390702e591aba69d6ceca70fa96a6b
Author: Diana Ruth <dianaruth40@gmail.com>
Date:   Thu Apr 7 20:01:04 2016 -0500

    aesthetic changes

commit 89f17e99262f37aa6b07c56393ceb868931a114f
Merge: e8d44d2 381bd3c
Author: JongHLim <jong.hoon.lim@utexas.edu>
Date:   Thu Apr 7 19:44:55 2016 -0500

    Merge branch 'dev' of https://github.com/dianaruth/cs373-idb into dev

commit e8d44d23422451545661cefc8523f93943b84506
Author: JongHLim <jong.hoon.lim@utexas.edu>
Date:   Thu Apr 7 19:44:45 2016 -0500

    Fixed tests file to run faster. Also added a tests save file.

commit 381bd3c9753a4465322076e53e4487afa400fbfa
Author: Diana Ruth <dianaruth40@gmail.com>
Date:   Thu Apr 7 19:30:59 2016 -0500

    small change

commit 7b1b9769d6ece30c8371f077319c090fdd27736d
Author: Diana Ruth <dianaruth40@gmail.com>
Date:   Thu Apr 7 19:30:27 2016 -0500

    related models working now

commit 94756e5be4cb63fb5c9a4d935736ba7dcc2246ad
Author: Tony Serino <arserino@yahoo.com>
Date:   Thu Apr 7 19:21:12 2016 -0500

    sql uri correction

commit 83c10f520795a93304f80ef0cc185c8c99fe5143
Merge: 2a696a1 16eea5f
Author: Tony Serino <arserino@yahoo.com>
Date:   Thu Apr 7 19:01:41 2016 -0500

    Merge branch 'dev' of https://github.com/dianaruth/cs373-idb into dev

commit 2a696a185ae4912395b3a71a749d68c46562c1aa
Author: Tony Serino <arserino@yahoo.com>
Date:   Thu Apr 7 19:01:36 2016 -0500

    fixed route names

commit 16eea5f39d7007b43c3ad071540acb3d57901694
Author: JongHLim <jong.hoon.lim@utexas.edu>
Date:   Thu Apr 7 18:59:11 2016 -0500

    Removed more long tests for the About page.

commit 09609973c9da0ffb0da42e596fd936790dc0fd38
Merge: 1655db5 91f3d52
Author: JongHLim <jong.hoon.lim@utexas.edu>
Date:   Thu Apr 7 18:50:15 2016 -0500

    Trying to shorten test time

commit 1655db5e0d62f60d2196af0a0aadf98cef73c703
Author: JongHLim <jong.hoon.lim@utexas.edu>
Date:   Thu Apr 7 18:42:02 2016 -0500

    Commented out long tests.

commit 8c02685662ce99412e549ac9803a8f14d5e1f2b6
Author: Jamie Barbosa <jamie.barbosa@utexas.edu>
Date:   Thu Apr 7 18:19:36 2016 -0500

    Deleted old UML

commit 91f3d52210c9cb1e1f4655666199caf7315a9b61
Merge: 872560d bd906be
Author: Tony Serino <arserino@yahoo.com>
Date:   Thu Apr 7 18:19:05 2016 -0500

    merged

commit 872560d6a9b83fdd82750ad0af17600ec7da233a
Author: Tony Serino <arserino@yahoo.com>
Date:   Thu Apr 7 18:17:31 2016 -0500

    added slash for route

commit c82ffd5c760a97d7fcf462c9f9c49bcbed0f0881
Author: Tony Serino <arserino@yahoo.com>
Date:   Thu Apr 7 18:15:07 2016 -0500

    added slash in route

commit 0d9332fd93d9dc0d26b31df28c0b2c8fbf7c6e09
Author: Jamie Barbosa <jamie.barbosa@utexas.edu>
Date:   Thu Apr 7 18:14:37 2016 -0500

    updated UML

commit bd906be2f67d823c9ec9356b8264ab55b96d2a4e
Author: Clint Ascencio <clint.ascencio@datastax.com>
Date:   Thu Apr 7 18:11:10 2016 -0500

    commented test print statement and fixed missing slash in app

commit e78b19e152a025b1b50e50419716cb223de5412c
Author: Tony Serino <arserino@yahoo.com>
Date:   Thu Apr 7 18:03:44 2016 -0500

    fixed syntax error

commit 727dc9e28809ef5c9c974276c0bd670f25e16166
Merge: dafc1e3 08b3f27
Author: Tony Serino <arserino@yahoo.com>
Date:   Thu Apr 7 17:55:28 2016 -0500

    Merge branch 'dev' of https://github.com/dianaruth/cs373-idb into dev

commit dafc1e3e0b9a81a4145a90b65ad56c6a06eafd21
Author: Tony Serino <arserino@yahoo.com>
Date:   Thu Apr 7 17:55:00 2016 -0500

    added api call get species from person

commit 08b3f27336422af8a6bef5d3519a528876b42820
Merge: b949392 7567eeb
Author: JongHLim <jong.hoon.lim@utexas.edu>
Date:   Thu Apr 7 17:50:36 2016 -0500

    Merge branch 'dev' of https://github.com/dianaruth/cs373-idb into dev

commit b949392ba71955e39596831e2759f50f8033a79b
Author: JongHLim <jong.hoon.lim@utexas.edu>
Date:   Thu Apr 7 17:50:29 2016 -0500

    Changed verbosity for the unittests.

commit 7567eeb2f879325361773acb5366c0614ca772d8
Author: Diana Ruth <dianaruth40@gmail.com>
Date:   Thu Apr 7 17:23:50 2016 -0500

    sorry pagination broke everything it's fine now

commit 02dfed910834269f4bf88efa82ea72bbdea9dd64
Author: Diana Ruth <dianaruth40@gmail.com>
Date:   Thu Apr 7 16:50:20 2016 -0500

    unit tests running on about page (yay)

commit 1fbae35bd116afa7eeca86a38395ab268ec946a5
Author: Tony Serino <arserino@yahoo.com>
Date:   Thu Apr 7 16:47:00 2016 -0500

    tweaks

commit efb0b6a41068b83b35545cb1e33f91f5f3c7d4de
Author: JongHLim <jong.hoon.lim@utexas.edu>
Date:   Thu Apr 7 16:42:19 2016 -0500

    Finished unit testing for all functions that we have so far.

commit fb837ae9e8a30d48ffc47c0dc3ea2539eff7668b
Author: JongHLim <jong.hoon.lim@utexas.edu>
Date:   Thu Apr 7 16:23:14 2016 -0500

    Finished single person API call tests.

commit 0e3c6f68255e1c4355bf7235a1b82408b11979d5
Author: Tony Serino <arserino@yahoo.com>
Date:   Thu Apr 7 16:08:54 2016 -0500

    added api function get people from species

commit e055b41e4b9e047f57a6a5abd7e52246a817fca5
Merge: 8ec8ede 08af5e9
Author: JongHLim <jong.hoon.lim@utexas.edu>
Date:   Thu Apr 7 15:52:39 2016 -0500

    Merge branch 'dev' of https://github.com/dianaruth/cs373-idb into dev

commit 8ec8edec23d53141362ebee4d5b5f329fff9b4b9
Author: JongHLim <jong.hoon.lim@utexas.edu>
Date:   Thu Apr 7 15:52:37 2016 -0500

    Fixed models and added RESTful API tests.

commit 08af5e94e7ac360b70c65051f7983874dcfeeac6
Author: Tony Serino <arserino@yahoo.com>
Date:   Thu Apr 7 15:52:19 2016 -0500

    added another api function, get species from planet

commit e37a295fe816fb9772d4a1e162d685ada9c3aa0c
Author: Tony Serino <arserino@yahoo.com>
Date:   Thu Apr 7 15:36:21 2016 -0500

    fixed bio

commit 3f5e3678eed5f3c1df33741cc12d399cc4f816b9
Author: Tony Serino <arserino@yahoo.com>
Date:   Thu Apr 7 15:28:31 2016 -0500

    added api function get people from planet

commit ebd7e4323c5c255888286ce00405bfc3db477e3e
Merge: 7e5f6e5 47bcc73
Author: Clint Ascencio <clint.ascencio@datastax.com>
Date:   Thu Apr 7 14:49:21 2016 -0500

    Merge branch 'dev' of https://github.com/dianaruth/cs373-idb into dev

commit 7e5f6e502b2f4693d1b7391c0a2658811e95d982
Author: Clint Ascencio <clint.ascencio@datastax.com>
Date:   Thu Apr 7 14:49:07 2016 -0500

    Fixed a bug in models

commit 47bcc7359128a3d916a51ad7e0e47ca0a3fe69ed
Author: JongHLim <jong.hoon.lim@utexas.edu>
Date:   Thu Apr 7 14:47:51 2016 -0500

    Fixed tests.py to work with the models changes.

commit 4b7de79158378d6c14606a4accafd704fa4960a5
Merge: cc9856d e6d2d55
Author: Clint Ascencio <clint.ascencio@datastax.com>
Date:   Thu Apr 7 14:45:04 2016 -0500

    Merge branch 'dev' of https://github.com/dianaruth/cs373-idb into dev

commit cc9856d108b32d8004a7c3b936d3932731a50e9d
Author: Clint Ascencio <clint.ascencio@datastax.com>
Date:   Thu Apr 7 14:44:56 2016 -0500

    Fixed the return values

commit e6d2d558ff3667dbccefb92452ef38f709bc537b
Author: JongHLim <jong.hoon.lim@utexas.edu>
Date:   Thu Apr 7 14:43:04 2016 -0500

    FIXED models.py for Mr. Clint.

commit cf69bc0bd5850b1874f3839941c08b5e69e2b5b7
Author: JongHLim <jong.hoon.lim@utexas.edu>
Date:   Thu Apr 7 14:31:17 2016 -0500

    Moving to the dev branch

commit 8abe28701742992a78836aa2d53f8a05a359996f
Merge: d51763b 6233140
Author: Clint Ascencio <clint.ascencio@datastax.com>
Date:   Thu Apr 7 14:27:05 2016 -0500

    Merge branch 'dev' of https://github.com/dianaruth/cs373-idb into dev

commit d51763b1e11a4d93aa401f5007a7fa5a761c50c7
Author: Clint Ascencio <clint.ascencio@datastax.com>
Date:   Thu Apr 7 14:26:40 2016 -0500

    Added more api calls, added more fields for models

commit 6233140038e98eb61e8b3f7a5825bc326b4f02cc
Author: Diana Ruth <dianaruth40@gmail.com>
Date:   Thu Apr 7 13:49:41 2016 -0500

    PAGINATION

commit 8f701b112c8af1c8d6d63dd0a22c6cbc9fa4eabc
Author: Clint Ascencio <clint.ascencio@datastax.com>
Date:   Thu Apr 7 13:35:00 2016 -0500

    Changed api call

commit 5a59a927c15059fb285f7497ba5e1bfb13250d45
Author: Clint Ascencio <clint.ascencio@datastax.com>
Date:   Thu Apr 7 13:33:05 2016 -0500

    Added more fields and added get_planet_for_person

commit d63a9a9a602d9af172f91254a008fba855f043f6
Author: Clint Adderly Ascencio <clintascencio@users.noreply.github.com>
Date:   Thu Apr 7 12:28:24 2016 -0500

    Updated app/requirements.txt

commit e336b85a0503a17b4694c390a47facc5082632eb
Author: Clint Ascencio <clint.ascencio@datastax.com>
Date:   Thu Apr 7 12:27:21 2016 -0500

    few change

commit f5d7d388f5c9c82402b6d2b2e7146181ab0f578a
Author: Clint Ascencio <clint.ascencio@datastax.com>
Date:   Thu Apr 7 12:02:32 2016 -0500

    Fixed mispelling

commit f5989276434f6057ba7e9e6562338e7c21f9c6a7
Author: JongHLim <jong.hoon.lim@utexas.edu>
Date:   Thu Apr 7 11:34:06 2016 -0500

    Finished tests for the Species model.

commit 7452f8c6e496345325f0825c6392a59eb360b58e
Author: JongHLim <jong.hoon.lim@utexas.edu>
Date:   Thu Apr 7 10:30:23 2016 -0500

    Added import statements for running tests on the About page.

commit 966ab5f8e6831ec6a23a70eb19a77eecb3587598
Author: Diana Ruth <dianaruth40@gmail.com>
Date:   Thu Apr 7 10:15:52 2016 -0500

    stop failing travis

commit 3c649e1c9210371627e79cff3e1417a129aa87ce
Author: Diana Ruth <dianaruth40@gmail.com>
Date:   Thu Apr 7 10:12:47 2016 -0500

    added route for testing

commit ef29f2355a81bca74794801ebdb3c62f38e81fa2
Author: JongHLim <jong.hoon.lim@utexas.edu>
Date:   Thu Apr 7 10:08:31 2016 -0500

    Finished testing the Planets model.

commit 3423de2c6d64f7d22d72226082599029a1dd35f6
Merge: 457c29b e1c1387
Author: JongHLim <jong.hoon.lim@utexas.edu>
Date:   Thu Apr 7 09:27:44 2016 -0500

    Merge branch 'dev_working' of https://www.github.com/dianaruth/cs373-idb into dev_working

commit 457c29be1c06ede13e37f5fbe868891b736f6e8c
Author: JongHLim <jong.hoon.lim@utexas.edu>
Date:   Thu Apr 7 09:27:29 2016 -0500

    Test our populate 'planets' table script.

commit e1c1387429be5a71ce43b49cfa682fa2be151682
Author: Diana Ruth <dianaruth40@gmail.com>
Date:   Thu Apr 7 09:13:44 2016 -0500

    table and detail controllers updated

commit e5541dcd5e8abc46d4fbda7650adefd96d290ce1
Author: JongHLim <jong.hoon.lim@utexas.edu>
Date:   Thu Apr 7 08:49:27 2016 -0500

    Added the repr function for all the models.

commit fb9583e4e29973970194afb25401ba426866f103
Author: JongHLim <jong.hoon.lim@utexas.edu>
Date:   Thu Apr 7 08:43:31 2016 -0500

    Actually moved the working tests file to dev_working branch.

commit 110a8ad0de67a9ce96233567641f958efbdd7968
Author: JongHLim <jong.hoon.lim@utexas.edu>
Date:   Thu Apr 7 08:41:48 2016 -0500

    Moved the working tests file to dev_working branch.

commit 02b11ba72a208c6f152170866d84d6d37190efc7
Author: Clint Ascencio <clint.ascencio@datastax.com>
Date:   Thu Apr 7 07:10:04 2016 -0500

    Working version of the site for Diana

commit 1757b6db8e32556a892301cd49b66616d230b561
Author: Clint Ascencio <clint.ascencio@datastax.com>
Date:   Wed Apr 6 12:16:54 2016 -0500

    Successfully creates tables and populates data

commit 2611e259d687f9a773b97b090de4a1f22b7a45a1
Author: Clint Ascencio <clint.ascencio@datastax.com>
Date:   Tue Apr 5 19:10:22 2016 -0500

    forgot to include app.py

commit 39b67919ac581409e43871903fe789d853e41063
Author: Clint Ascencio <clint.ascencio@datastax.com>
Date:   Tue Apr 5 19:05:52 2016 -0500

    Moved app.py to parent

commit 628b1da38f272b9d0df0e4b55a5bd9b6f189260f
Merge: 5e7f26e 228fd55
Author: Tony Serino <arserino@yahoo.com>
Date:   Tue Apr 5 17:40:16 2016 -0500

    Merge branch 'dev' of https://github.com/dianaruth/cs373-idb into dev

commit 5e7f26eace933ecd8ae355570a2a808191353150
Author: Tony Serino <arserino@yahoo.com>
Date:   Tue Apr 5 17:39:54 2016 -0500

    attempting to create tables before adding into them

commit 228fd55d255dd5e01d0bb3eab18f37ca17da48fa
Author: Jong Hoon Lim <jhlim84@hotmail.com>
Date:   Tue Apr 5 17:05:46 2016 -0500

    Python successfully connected to my local MySQL database.

commit dc272933fddc8c09b19551aeb0caeabc1cc72b93
Merge: 24e7625 1aa0a0c
Author: Jong Hoon Lim <jhlim84@hotmail.com>
Date:   Tue Apr 5 16:49:02 2016 -0500

    Merge branch 'dev' of https://github.com/dianaruth/cs373-idb into dev

commit 1aa0a0c40e772e0f656ae38fffe9cf5cc06540e9
Author: Tony Serino <arserino@yahoo.com>
Date:   Tue Apr 5 16:48:41 2016 -0500

    small import changes, still broken

commit 24e76253a2ae05be7e36ddb97b396eef95120bbd
Merge: f4a8f99 b2f5f77
Author: Jong Hoon Lim <jhlim84@hotmail.com>
Date:   Tue Apr 5 16:10:17 2016 -0500

    Merge branch 'dev' of https://github.com/dianaruth/cs373-idb into dev

commit b2f5f7717b0fccd59d4f2ac34f304b1f87622a29
Author: Clint Ascencio <clint.ascencio@datastax.com>
Date:   Tue Apr 5 16:01:14 2016 -0500

    initial create_db

commit 01eea1de156ac0e033065b2e56170acfae1da8ad
Merge: a45f99f 2ba6f64
Author: Clint Ascencio <clint.ascencio@datastax.com>
Date:   Sat Apr 2 19:56:32 2016 -0500

    Merge branch 'dev' of https://github.com/dianaruth/cs373-idb into dev

commit a45f99f34eb580f313488f72fad861b2e5ee3c70
Author: Clint Ascencio <clint.ascencio@datastax.com>
Date:   Sat Apr 2 19:56:25 2016 -0500

    testing out models

commit 2ba6f6412ab66161e7ad5344189834f7186861ae
Merge: 688a80a 384b8a4
Author: Diana Ruth <dianaruth40@gmail.com>
Date:   Sat Apr 2 19:50:13 2016 -0500

    Merge branch 'dev' of https://github.com/dianaruth/cs373-idb into dev

commit 688a80a8dc3f2a55c7864587bc5baecd6217ddf3
Author: Diana Ruth <dianaruth40@gmail.com>
Date:   Sat Apr 2 19:50:05 2016 -0500

    json files for database

commit 384b8a42fa1db3a3306c619e58e4841989fa799e
Author: Tony Serino <arserino@yahoo.com>
Date:   Fri Apr 1 17:06:11 2016 -0500

    started attempting to connect to carina db

commit f4a8f99e205a35b206978f6aecb47def67b12307
Merge: cef9e42 fe1031b
Author: Jong Hoon Lim <jhlim84@hotmail.com>
Date:   Fri Apr 1 15:44:17 2016 -0500

    Merge branch 'dev' of https://github.com/dianaruth/cs373-idb into dev

commit fe1031b00ffadfe38beae498a05194f1240f1fe4
Author: Diana Ruth <dianaruth40@gmail.com>
Date:   Fri Apr 1 15:43:46 2016 -0500

    removed log and html file for the start of phase 2

commit 49f0cb91ac48003561a92180a0a0797ca2502d78
Merge: 012a3a6 ef9f8ab
Author: Diana Ruth <dianaruth40@gmail.com>
Date:   Fri Apr 1 15:34:51 2016 -0500

    Merge branch 'dev'

commit cef9e4207f80cd7e5378b6bfaa1b67099d4e71c2
Merge: c029878 ef9f8ab
Author: Jong Hoon Lim <jhlim84@hotmail.com>
Date:   Fri Apr 1 15:34:07 2016 -0500

    Merge branch 'dev' of https://github.com/dianaruth/cs373-idb into dev

commit c02987803232e11767558bab9417bc73d91f2db9
Merge: ed7951a f3231f1
Author: Jong Hoon Lim <jhlim84@hotmail.com>
Date:   Fri Apr 1 15:33:53 2016 -0500

    Merge branch 'dev' of https://github.com/dianaruth/cs373-idb into dev

commit ef9f8ab80aed12039fa8cec22ad3d39fe0c18b08
Author: Diana Ruth <dianaruth40@gmail.com>
Date:   Fri Apr 1 15:33:52 2016 -0500

    small aesthetic changes

commit 012a3a6cf7ef724f87ccb48dc41481033f4060fc
Merge: b2efe77 f3231f1
Author: Diana Ruth <dianaruth40@gmail.com>
Date:   Thu Mar 24 19:22:44 2016 -0500

    Merge branch 'dev'

commit f3231f1b3e65b155a97d43e99e11c3187fbe1203
Author: Diana Ruth <dianaruth40@gmail.com>
Date:   Thu Mar 24 19:21:35 2016 -0500

    final commit for phase 1 (for real this time)

commit b2efe77a3d30ebbf77f6125ccf655ef87299f46c
Merge: 673086d f3841e2
Author: Diana Ruth <dianaruth40@gmail.com>
Date:   Thu Mar 24 19:18:49 2016 -0500

    Merge branch 'dev'

commit f3841e26c2135ad7dc571a89655de3e8eb015a45
Author: Diana Ruth <dianaruth40@gmail.com>
Date:   Thu Mar 24 19:18:34 2016 -0500

    final commit for phase 1

commit 673086deeaeccff22da5e5dca6bece59bd66b60d
Merge: 02a64de e656246
Author: Diana Ruth <dianaruth40@gmail.com>
Date:   Thu Mar 24 18:55:24 2016 -0500

    Merge branch 'dev'

commit e6562466139b541629a09c2d343b15f1ee49f607
Author: Diana Ruth <dianaruth40@gmail.com>
Date:   Thu Mar 24 18:55:10 2016 -0500

    updated makefile, waiting on UML

commit 1663644360e9745f0bbd0e76da4c33cb8ca2fbbb
Merge: f57aa28 cf8e6fc
Author: Diana Ruth <dianaruth40@gmail.com>
Date:   Thu Mar 24 18:50:15 2016 -0500

    Merge branch 'dev' of https://github.com/dianaruth/cs373-idb into dev

commit f57aa28552aa68222304381f10224768c8e35742
Author: Diana Ruth <dianaruth40@gmail.com>
Date:   Thu Mar 24 18:50:03 2016 -0500

    added coverage output, small changes to partial files

commit cf8e6fc32150570a5b4054acd96cd9fab75fc5dc
Author: Clint Ascencio <clint.ascencio@datastax.com>
Date:   Thu Mar 24 18:31:07 2016 -0500

    Fixed models.html check

commit 988aa62fcb474a82616b0f70bdc00c277a1f1947
Author: Clint Ascencio <clint.ascencio@datastax.com>
Date:   Thu Mar 24 18:28:26 2016 -0500

    added pip install sqlalchemy:

commit c544d9c73221d9f5b1001b6a380d98dcf47842a9
Author: Clint Ascencio <clint.ascencio@datastax.com>
Date:   Thu Mar 24 18:27:42 2016 -0500

    Changed back config, added models.html

commit ed7951a6197d24030afaa1fd3dbd8740c58a6c78
Merge: ed0b2e2 09db198
Author: Jong Hoon Lim <jhlim84@hotmail.com>
Date:   Thu Mar 24 18:12:09 2016 -0500

    Merge branch 'dev' of https://github.com/dianaruth/cs373-idb into dev

commit 09db1987af37c4aaf37d0192feda21fa4aeeb02b
Author: Clint Ascencio <clint.ascencio@datastax.com>
Date:   Thu Mar 24 18:08:21 2016 -0500

    Lets give this another go

commit 5da12c51572acb662ba6effd1e51ba96cef20499
Author: Clint Ascencio <clint.ascencio@datastax.com>
Date:   Thu Mar 24 18:05:16 2016 -0500

    fuck it all

commit ba660fa5cec1d723d807202b2604185074ccd74c
Author: Clint Ascencio <clint.ascencio@datastax.com>
Date:   Thu Mar 24 18:02:34 2016 -0500

    Diana likes frontend

commit d7aa8865c6b91ef2d329dcbdd96cabd485bb80c5
Author: Clint Ascencio <clint.ascencio@datastax.com>
Date:   Thu Mar 24 17:59:25 2016 -0500

    i

commit 861cca64a603e9b5320afc035db26db6e133ba34
Author: Clint Ascencio <clint.ascencio@datastax.com>
Date:   Thu Mar 24 17:56:43 2016 -0500

    threw the kitchen sink

commit edc5c3d0c8de2a3e9beb5bf11ef6e73c025cb3fe
Author: Clint Ascencio <clint.ascencio@datastax.com>
Date:   Thu Mar 24 17:50:30 2016 -0500

    hopefully this works

commit ed0b2e2b36b59d37f6aaec96fae949dc3d4aef0c
Merge: ac0b43e 64a6dce
Author: Jong Hoon Lim <jhlim84@hotmail.com>
Date:   Thu Mar 24 17:48:00 2016 -0500

    Merge branch 'dev' of https://github.com/dianaruth/cs373-idb into dev

commit 64a6dce997f028cd95df5a0e0911f4ea70893193
Author: Clint Ascencio <clint.ascencio@datastax.com>
Date:   Thu Mar 24 17:47:18 2016 -0500

    going backt o last sucessful travis build config

commit ac0b43efa5ccbd34609dfc1ad7f546cf2a362460
Merge: 37db70d e8702e5
Author: Jong Hoon Lim <jhlim84@hotmail.com>
Date:   Thu Mar 24 17:44:36 2016 -0500

    Merge branch 'dev' of https://github.com/dianaruth/cs373-idb into dev

commit e8702e58b958a4ee30d0fbaadc89a997ba5b2a11
Author: Clint Ascencio <clint.ascencio@datastax.com>
Date:   Thu Mar 24 17:40:34 2016 -0500

    hopefully fixed makefile

commit 705930298de9687e96aa754ab5bd7f30e0731a18
Author: Clint Ascencio <clint.ascencio@datastax.com>
Date:   Thu Mar 24 17:35:19 2016 -0500

    Changing makefile

commit 37db70ddf9c36565e78995bdd52b857d5271197a
Merge: 77d0487 ed3fe2e
Author: Jong Hoon Lim <jhlim84@hotmail.com>
Date:   Thu Mar 24 17:34:59 2016 -0500

    Merge branch 'dev' of https://github.com/dianaruth/cs373-idb into dev

commit ed3fe2ef51c9432a6b46be212c17bdda2cd87955
Author: Clint Ascencio <clint.ascencio@datastax.com>
Date:   Thu Mar 24 17:33:17 2016 -0500

    we'll try again next time.

commit 77d04879a8fd680b64581e34416b433ff20bee49
Merge: 4d3d58c de4bf7e
Author: Jong Hoon Lim <jhlim84@hotmail.com>
Date:   Thu Mar 24 17:33:04 2016 -0500

    Merge branch 'dev' of https://github.com/dianaruth/cs373-idb into dev

commit de4bf7e31feaa363bf5323e5fb1aa60efae4ea4f
Author: Clint Ascencio <clint.ascencio@datastax.com>
Date:   Thu Mar 24 17:30:00 2016 -0500

    ¯\_(ツ)_/¯¯\_(ツ)_/¯

commit 30e909e1b9b77364594e59056461254d50623d82
Author: Clint Ascencio <clint.ascencio@datastax.com>
Date:   Thu Mar 24 17:25:37 2016 -0500

    ¯\_(ツ)_/¯

commit ac55e203a25915cdac05afaf8476921b1546a6b1
Author: Clint Ascencio <clint.ascencio@datastax.com>
Date:   Thu Mar 24 17:22:25 2016 -0500

    Fixing/ed make test

commit d4fac9e3a1545bdb5c4d08389b932acfd26cc883
Author: Clint Ascencio <clint.ascencio@datastax.com>
Date:   Thu Mar 24 17:17:52 2016 -0500

    Added pip3. Idk if itll fix it but heeeeereee we gooOoOooOo

commit 04f6596c11923c7dea6e6b0a45d507a9c25b8268
Author: Clint Ascencio <clint.ascencio@datastax.com>
Date:   Thu Mar 24 17:15:42 2016 -0500

    Fixed requirements directory:

commit 460c17597cbecab81046e034f51176a8d4de001d
Author: Clint Ascencio <clint.ascencio@datastax.com>
Date:   Thu Mar 24 17:13:53 2016 -0500

    have travis.yml install requirements.txt

commit dab13a62fe55a9b7da40352f927aa3db53771ded
Author: Clint Ascencio <clint.ascencio@datastax.com>
Date:   Thu Mar 24 17:05:47 2016 -0500

    Added pip install flask

commit c1a42e2e8dcd1a5b088b6a187b1228070253919a
Author: Clint Ascencio <clint.ascencio@datastax.com>
Date:   Thu Mar 24 17:03:26 2016 -0500

    Fixed travis yaml

commit dfe42f305eb1d9bbbd9d77480684f2c2bf27c36f
Merge: f075caf 2e3fd10
Author: Clint Ascencio <clint.ascencio@datastax.com>
Date:   Thu Mar 24 16:55:46 2016 -0500

    Merge branch 'dev' of https://github.com/dianaruth/cs373-idb into dev

commit f075cafb165bc4ed7d6b66845d506b33789c6223
Author: Clint Ascencio <clint.ascencio@datastax.com>
Date:   Thu Mar 24 16:55:12 2016 -0500

    travis sucks and this is Tony

commit 02a64de3cc4a54853a02d116f8cf899928af7f60
Merge: 3eea26a 2e3fd10
Author: Diana Ruth <dianaruth40@gmail.com>
Date:   Thu Mar 24 16:54:21 2016 -0500

    Merge branch 'dev'

commit 2e3fd1099964851f23f4a9f9ab901b1ef0df3f3f
Merge: 95b3805 06e064b
Author: Diana Ruth <dianaruth40@gmail.com>
Date:   Thu Mar 24 16:53:53 2016 -0500

    Merge branch 'dev' of https://github.com/dianaruth/cs373-idb into dev

commit 95b3805f9fafeaf069c039822488abaafe49a9e8
Author: Diana Ruth <dianaruth40@gmail.com>
Date:   Thu Mar 24 16:53:42 2016 -0500

    updated README and added info to about controller

commit 4d3d58c222eddbb20aa7ed9f6ab168ddbee6ff96
Merge: 3eea26a 06e064b
Author: Jong Hoon Lim <jhlim84@hotmail.com>
Date:   Thu Mar 24 16:46:45 2016 -0500

    Merge branch 'dev' of https://github.com/dianaruth/cs373-idb into dev

commit 06e064b37f961ec21a068d6fbed40cd445d672d0
Merge: b22a90d 7824561
Author: Clint Ascencio <clint.ascencio@datastax.com>
Date:   Thu Mar 24 16:41:25 2016 -0500

    Merge branch 'dev' of https://github.com/dianaruth/cs373-idb into dev

commit b22a90d1ecf883a978ddacf7fbedf031315eb376
Author: Clint Ascencio <clint.ascencio@datastax.com>
Date:   Thu Mar 24 16:41:01 2016 -0500

    Added models.py documentation

commit 782456136ab05c7e52e424464c23dada58e51cf0
Author: Tony Serino <arserino@yahoo.com>
Date:   Thu Mar 24 16:29:26 2016 -0500

    work travis

commit dbaaeb5f6c0c0bc2258c38c3af9ad9517505ada0
Author: Tony Serino <arserino@yahoo.com>
Date:   Thu Mar 24 16:27:13 2016 -0500

    git is trolling hard on me right now

commit 8bf58c544b6f157065ea4ff61433e555665347d1
Author: Tony Serino <arserino@yahoo.com>
Date:   Thu Mar 24 16:23:41 2016 -0500

    quick fix to get flask module working in travis

commit c848611948c27d2fade883fcda3b38d33f652aa5
Author: Tony Serino <arserino@yahoo.com>
Date:   Thu Mar 24 16:21:30 2016 -0500

    hopefully fixed commit issue

commit 445bffad04c2a8ecf2a839ce26b55f413e385305
Author: Tony Serino <arserino@yahoo.com>
Date:   Thu Mar 24 16:15:29 2016 -0500

    undoing last push

commit c1566502811ffa7e09ce0a0851b3eb6ae22a94aa
Author: Tony Serino <arserino@yahoo.com>
Date:   Thu Mar 24 16:12:54 2016 -0500

    attempting another push

commit 7c3eb706aab757a1d3a98fabef0a163baff8b82a
Author: Diana Ruth <dianaruth40@gmail.com>
Date:   Thu Mar 24 16:04:25 2016 -0500

    added API call to get single instances of each model, updated apiary.apib

commit 31d676a5885b99f88854025a25a8ab4a9fec864b
Author: Tony Serino <arserino@yahoo.com>
Date:   Thu Mar 24 16:01:32 2016 -0500

    attempt to import all needed modules from flask dev branch

commit 3eea26aa026dfe47ba7fed06617ade8cb293f03b
Author: Tony Serino <arserino@yahoo.com>
Date:   Thu Mar 24 15:55:05 2016 -0500

    attempt to import all needed modules from flask

commit 71b8286ff0ab53b6b96cbd4a2ec9a1395387cdfa
Author: Clint Ascencio <clint.ascencio@datastax.com>
Date:   Thu Mar 24 14:27:07 2016 -0500

    Added UTF annotation for app.py and updated information

commit 5fbfcce136c3710202c08cb5c76b178238486510
Author: Diana Ruth <dianaruth40@gmail.com>
Date:   Thu Mar 24 13:42:18 2016 -0500

    relationships added between models

commit 93a455eecd18c979c28adfc06de6e8445601b254
Merge: 4565976 c554cb5
Author: Diana Ruth <dianaruth40@gmail.com>
Date:   Thu Mar 24 12:30:57 2016 -0500

    Merge branch 'dev' of https://github.com/dianaruth/cs373-idb into dev

commit 45659762e876c62a49f9a62d2e13a0caf4bf1f8c
Author: Diana Ruth <dianaruth40@gmail.com>
Date:   Thu Mar 24 12:30:29 2016 -0500

    descriptions now included in api data

commit c554cb55a6753f1fc0475eacc6a2688d1d07d303
Merge: 60b5a81 433c74b
Author: Clint Ascencio <clint.ascencio@datastax.com>
Date:   Thu Mar 24 11:00:03 2016 -0500

    Merge branch 'dev' of https://github.com/dianaruth/cs373-idb into dev

commit 60b5a8131a7d3144ae2ed83110c5c9cc0de3b933
Author: Clint Ascencio <clint.ascencio@datastax.com>
Date:   Thu Mar 24 10:59:54 2016 -0500

    Necessary files for docker and carina

commit 433c74b21d50ed2b60d4e35f24f8a3a70a77a6b7
Author: Jong Hoon Lim <jhlim84@hotmail.com>
Date:   Thu Mar 24 10:48:34 2016 -0500

    This closes #6. Added model init tests only since we are not yet required to set up a database.

commit 74238fceeda72e2edc61861d58f848957b0bf298
Author: Jong Hoon Lim <jhlim84@hotmail.com>
Date:   Thu Mar 24 10:28:18 2016 -0500

    Added unit tests to check __init__ of Model.py.

commit 1714bd7eb6de26886414bcd95342fe7f7becc4a8
Author: Jong Hoon Lim <jhlim84@hotmail.com>
Date:   Thu Mar 24 09:57:56 2016 -0500

    Modified models.py to represent database columns.

commit dc7dd43e63c19344e65d9eec816d3b6571c21dfd
Author: Diana Ruth <dianaruth40@gmail.com>
Date:   Thu Mar 24 02:04:24 2016 -0500

    front end done for phase 1 besides a few additions to about page, response json from each call in app.py is included in comments for transfer to apiary.apib

commit cd71fcd20d89bbc2587ce5bc8d2cc62744c5a758
Author: Diana Ruth <dianaruth40@gmail.com>
Date:   Wed Mar 23 14:13:42 2016 -0500

    tables displaying data correctly and are sortable

commit 668116a650fb368e6cddd1ad009d12e47e1d37d7
Author: Diana Ruth <dianaruth40@gmail.com>
Date:   Tue Mar 22 18:09:22 2016 -0500

    people page is pulling data from flask and the swapi api, now need to add for planets and species and make things look pretty

commit 26eaa7b182accb01968e11dc7722c9a0bf0508ab
Author: Diana Ruth <dianaruth40@gmail.com>
Date:   Tue Mar 22 16:40:47 2016 -0500

    app.py scrapes data from swapi.co to be used by angular on the frontend

commit be64a0eb943ad186606009c77123101c90735dcb
Author: Diana Ruth <dr26284@cs.utexas.edu>
Date:   Tue Mar 22 16:01:30 2016 -0500

    working on integrating flask and angular

commit ad93cfc8a8f52e00aaa0e3840e152cbafeffdb93
Author: Diana Ruth <dianaruth40@gmail.com>
Date:   Tue Mar 22 15:02:49 2016 -0500

    changed angular file structure to better reflect tutorials from angular website

commit c06a26bf9126d8b34c3a6043f914362a47032521
Author: Diana Ruth <dianaruth40@gmail.com>
Date:   Tue Mar 22 11:20:28 2016 -0500

    attempting to get travis build passing

commit 7ac4b679f296914cfaa8ccb0459ccc17c8def6aa
Author: Diana Ruth <dianaruth40@gmail.com>
Date:   Mon Mar 21 21:25:53 2016 -0500

    partials loading correctly

commit 09647823295d8c84f91a2b88a3647a19fe6615da
Author: Diana Ruth <dianaruth40@gmail.com>
Date:   Mon Mar 21 20:09:29 2016 -0500

    homepage loading, but links not loading partials

commit eac62ba3de577eab3d0ea25c718c86b52bd31a5c
Author: Diana Ruth <dianaruth40@gmail.com>
Date:   Mon Mar 21 18:47:27 2016 -0500

    almost getting partials loading

commit 72b7ff6d3ce55842ebd20ee88c7823e110530c3a
Author: Diana Ruth <dianaruth40@gmail.com>
Date:   Mon Mar 21 17:29:43 2016 -0500

    still attempting to get partials working

commit 7564737672be5a39f32403b263c3ed51b3eb90c2
Author: Diana Ruth <dianaruth40@gmail.com>
Date:   Mon Mar 21 17:01:21 2016 -0500

    Update home.html

commit a9c87b2ad2d0f0cff2e8b5935f9dcf6c62c3d678
Author: Diana Ruth <dianaruth40@gmail.com>
Date:   Mon Mar 21 17:00:20 2016 -0500

    Update index.html

commit f49a4125c3a5eda409f52ab57640efb73be78fea
Author: Diana Ruth <dianaruth40@gmail.com>
Date:   Mon Mar 21 16:57:55 2016 -0500

    having issues with angular routing

commit fa0a9148dc0bde01e0c7af88454b6c2b414d875e
Author: Diana Ruth <dianaruth40@gmail.com>
Date:   Mon Mar 21 14:52:24 2016 -0500

    attempting to add angular stuff

commit 0954e74f3e4e4008cffa273488604d372fafb7d8
Author: Diana Ruth <dianaruth40@gmail.com>
Date:   Fri Mar 11 18:15:35 2016 -0600

    changed travis file from pip to pip3

commit 542e52b3d8bc4dcac27d034199c41127c13b9fff
Author: Clint Ascencio <clint.ascencio@datastax.com>
Date:   Fri Mar 11 14:08:03 2016 -0600

    Generic Models

commit 089c4dc517376853475691a22b4c19ba7e3a7a93
Author: Tony Serino <arserino@yahoo.com>
Date:   Fri Mar 11 13:39:43 2016 -0600

    created flask project, moved frontend to static and templates folder

commit 0f4bab140ef2f0b8b0046e9ce5a1c117754d4250
Author: Diana Ruth <dianaruth40@gmail.com>
Date:   Fri Mar 11 11:02:17 2016 -0600

    changed font of brand

commit 591d517f9eb3555078616bdbde8ce86e7881ae3c
Author: Diana Ruth <dianaruth40@gmail.com>
Date:   Fri Mar 11 00:47:31 2016 -0600

    added travis build status
    to readme

commit 43dc7e97b947ae369067585cab1deefea21196d5
Author: Diana Ruth <dianaruth40@gmail.com>
Date:   Fri Mar 11 00:38:40 2016 -0600

    changed travis from model.html to models.html

commit b5a060aa7995864def37ed79a44a0c0ef9c57eb7
Author: Diana Ruth <dianaruth40@gmail.com>
Date:   Fri Mar 11 00:36:06 2016 -0600

    changed from model.html to models.html (hopefully we won't get in trouble

commit ac1377754f91db3d82072aa53fc954e3e4d428cd
Author: Diana Ruth <dianaruth40@gmail.com>
Date:   Fri Mar 11 00:22:30 2016 -0600

    added basic code to models.py

commit 0cf42df4f5297f500cf99e8d4ef7226f93b3ece8
Author: Diana Ruth <dianaruth40@gmail.com>
Date:   Fri Mar 11 00:09:58 2016 -0600

    temporarily commented out uml.pdf from makefile

commit b9e18b1cb171a6db5b1305d725eaa44981720924
Author: Diana Ruth <dianaruth40@gmail.com>
Date:   Fri Mar 11 00:07:25 2016 -0600

    added tests.py

commit 254fba0f001d7a57bc5110aa23160c3bec369539
Author: Diana Ruth <dianaruth40@gmail.com>
Date:   Fri Mar 11 00:05:36 2016 -0600

    added all required files and now attempting clean build on travis, closes #11, closes #12

commit 40e034b4da804e256c61800c52e0de9e4c1605f0
Author: Diana Ruth <dianaruth40@gmail.com>
Date:   Fri Mar 11 00:00:51 2016 -0600

    added some travis files, attempting build

commit f355809dcc95b847e0021f3903f027b84f8df510
Author: Diana Ruth <dianaruth40@gmail.com>
Date:   Thu Mar 10 21:12:04 2016 -0600

    added travis file

commit 6ede2400c078a3aab86e9ccaadbdc0f43a8ab56d
Author: Diana Ruth <dianaruth40@gmail.com>
Date:   Thu Mar 10 21:05:02 2016 -0600

    splash page complete

commit 188527f3bf8bdee2a8baf366487f313a51295da2
Author: Diana Ruth <dianaruth40@gmail.com>
Date:   Thu Mar 10 18:39:43 2016 -0600

    intro page, needs content

commit 554c687d8e7722f9757f50efca1a74a5ef1e4156
Author: Diana Ruth <dianaruth40@gmail.com>
Date:   Wed Mar 9 15:08:15 2016 -0600

    Transferring API Description file from Apiary.io

commit e66fa138ad7037a30a499337f56615b340305868
Author: Diana Ruth <dianaruth40@gmail.com>
Date:   Wed Mar 9 14:57:32 2016 -0600

    Initial commit
